<?xml version="1.0" encoding="UTF-8"?>
<testsuite xmlns:xsi="http://www.w3.org/2001/XMLSchema-instance" xsi:noNamespaceSchemaLocation="https://maven.apache.org/surefire/maven-surefire-plugin/xsd/surefire-test-report-3.0.xsd" version="3.0" name="io.kyso.api.IndexerApiTest" time="3.091" tests="1" errors="0" skipped="0" failures="0">
  <properties>
    <property name="java.specification.version" value="17"/>
    <property name="test.url" value="http://localhost:8081"/>
    <property name="sun.jnu.encoding" value="UTF-8"/>
    <property name="java.class.path" value="/home/fjbarrena/Projects/kyso/kyso-indexer/api/target/test-classes:/home/fjbarrena/Projects/kyso/kyso-indexer/api/target/classes:/home/fjbarrena/.m2/repository/io/quarkus/quarkus-arc/2.8.1.Final/quarkus-arc-2.8.1.Final.jar:/home/fjbarrena/.m2/repository/io/quarkus/arc/arc/2.8.1.Final/arc-2.8.1.Final.jar:/home/fjbarrena/.m2/repository/jakarta/enterprise/jakarta.enterprise.cdi-api/2.0.2/jakarta.enterprise.cdi-api-2.0.2.jar:/home/fjbarrena/.m2/repository/jakarta/el/jakarta.el-api/3.0.3/jakarta.el-api-3.0.3.jar:/home/fjbarrena/.m2/repository/jakarta/interceptor/jakarta.interceptor-api/1.2.5/jakarta.interceptor-api-1.2.5.jar:/home/fjbarrena/.m2/repository/jakarta/annotation/jakarta.annotation-api/1.3.5/jakarta.annotation-api-1.3.5.jar:/home/fjbarrena/.m2/repository/jakarta/transaction/jakarta.transaction-api/1.3.3/jakarta.transaction-api-1.3.3.jar:/home/fjbarrena/.m2/repository/org/jboss/logging/jboss-logging/3.4.3.Final/jboss-logging-3.4.3.Final.jar:/home/fjbarrena/.m2/repository/io/quarkus/quarkus-core/2.8.1.Final/quarkus-core-2.8.1.Final.jar:/home/fjbarrena/.m2/repository/jakarta/inject/jakarta.inject-api/1.0/jakarta.inject-api-1.0.jar:/home/fjbarrena/.m2/repository/io/quarkus/quarkus-ide-launcher/2.8.1.Final/quarkus-ide-launcher-2.8.1.Final.jar:/home/fjbarrena/.m2/repository/io/quarkus/quarkus-development-mode-spi/2.8.1.Final/quarkus-development-mode-spi-2.8.1.Final.jar:/home/fjbarrena/.m2/repository/io/smallrye/config/smallrye-config/2.9.2/smallrye-config-2.9.2.jar:/home/fjbarrena/.m2/repository/io/smallrye/config/smallrye-config-core/2.9.2/smallrye-config-core-2.9.2.jar:/home/fjbarrena/.m2/repository/org/eclipse/microprofile/config/microprofile-config-api/2.0.1/microprofile-config-api-2.0.1.jar:/home/fjbarrena/.m2/repository/io/smallrye/common/smallrye-common-expression/1.10.0/smallrye-common-expression-1.10.0.jar:/home/fjbarrena/.m2/repository/io/smallrye/common/smallrye-common-function/1.10.0/smallrye-common-function-1.10.0.jar:/home/fjbarrena/.m2/repository/io/smallrye/common/smallrye-common-classloader/1.10.0/smallrye-common-classloader-1.10.0.jar:/home/fjbarrena/.m2/repository/io/smallrye/config/smallrye-config-common/2.9.2/smallrye-config-common-2.9.2.jar:/home/fjbarrena/.m2/repository/org/jboss/logmanager/jboss-logmanager-embedded/1.0.9/jboss-logmanager-embedded-1.0.9.jar:/home/fjbarrena/.m2/repository/org/jboss/logging/jboss-logging-annotations/2.2.1.Final/jboss-logging-annotations-2.2.1.Final.jar:/home/fjbarrena/.m2/repository/org/jboss/threads/jboss-threads/3.4.2.Final/jboss-threads-3.4.2.Final.jar:/home/fjbarrena/.m2/repository/org/slf4j/slf4j-api/1.7.36/slf4j-api-1.7.36.jar:/home/fjbarrena/.m2/repository/org/graalvm/sdk/graal-sdk/22.0.0.2/graal-sdk-22.0.0.2.jar:/home/fjbarrena/.m2/repository/org/wildfly/common/wildfly-common/1.5.4.Final-format-001/wildfly-common-1.5.4.Final-format-001.jar:/home/fjbarrena/.m2/repository/io/quarkus/quarkus-bootstrap-runner/2.8.1.Final/quarkus-bootstrap-runner-2.8.1.Final.jar:/home/fjbarrena/.m2/repository/io/quarkus/quarkus-fs-util/0.0.9/quarkus-fs-util-0.0.9.jar:/home/fjbarrena/.m2/repository/org/eclipse/microprofile/context-propagation/microprofile-context-propagation-api/1.2/microprofile-context-propagation-api-1.2.jar:/home/fjbarrena/.m2/repository/io/quarkus/quarkus-resteasy-reactive/2.8.1.Final/quarkus-resteasy-reactive-2.8.1.Final.jar:/home/fjbarrena/.m2/repository/org/jboss/spec/javax/ws/rs/jboss-jaxrs-api_2.1_spec/2.0.1.Final/jboss-jaxrs-api_2.1_spec-2.0.1.Final.jar:/home/fjbarrena/.m2/repository/io/quarkus/quarkus-resteasy-reactive-common/2.8.1.Final/quarkus-resteasy-reactive-common-2.8.1.Final.jar:/home/fjbarrena/.m2/repository/io/quarkus/resteasy/reactive/resteasy-reactive-common/2.8.1.Final/resteasy-reactive-common-2.8.1.Final.jar:/home/fjbarrena/.m2/repository/io/smallrye/reactive/mutiny/1.4.0/mutiny-1.4.0.jar:/home/fjbarrena/.m2/repository/org/reactivestreams/reactive-streams/1.0.3/reactive-streams-1.0.3.jar:/home/fjbarrena/.m2/repository/io/smallrye/common/smallrye-common-annotation/1.10.0/smallrye-common-annotation-1.10.0.jar:/home/fjbarrena/.m2/repository/io/quarkus/quarkus-mutiny/2.8.1.Final/quarkus-mutiny-2.8.1.Final.jar:/home/fjbarrena/.m2/repository/io/quarkus/quarkus-smallrye-context-propagation/2.8.1.Final/quarkus-smallrye-context-propagation-2.8.1.Final.jar:/home/fjbarrena/.m2/repository/io/smallrye/smallrye-context-propagation/1.2.2/smallrye-context-propagation-1.2.2.jar:/home/fjbarrena/.m2/repository/io/smallrye/smallrye-context-propagation-api/1.2.2/smallrye-context-propagation-api-1.2.2.jar:/home/fjbarrena/.m2/repository/io/smallrye/smallrye-context-propagation-storage/1.2.2/smallrye-context-propagation-storage-1.2.2.jar:/home/fjbarrena/.m2/repository/io/smallrye/reactive/mutiny-smallrye-context-propagation/1.4.0/mutiny-smallrye-context-propagation-1.4.0.jar:/home/fjbarrena/.m2/repository/io/quarkus/quarkus-vertx/2.8.1.Final/quarkus-vertx-2.8.1.Final.jar:/home/fjbarrena/.m2/repository/io/quarkus/quarkus-netty/2.8.1.Final/quarkus-netty-2.8.1.Final.jar:/home/fjbarrena/.m2/repository/io/netty/netty-codec/4.1.74.Final/netty-codec-4.1.74.Final.jar:/home/fjbarrena/.m2/repository/io/netty/netty-codec-http/4.1.74.Final/netty-codec-http-4.1.74.Final.jar:/home/fjbarrena/.m2/repository/io/netty/netty-codec-http2/4.1.74.Final/netty-codec-http2-4.1.74.Final.jar:/home/fjbarrena/.m2/repository/io/netty/netty-handler/4.1.74.Final/netty-handler-4.1.74.Final.jar:/home/fjbarrena/.m2/repository/io/netty/netty-tcnative-classes/2.0.48.Final/netty-tcnative-classes-2.0.48.Final.jar:/home/fjbarrena/.m2/repository/io/netty/netty-codec-haproxy/4.1.74.Final/netty-codec-haproxy-4.1.74.Final.jar:/home/fjbarrena/.m2/repository/io/netty/netty-buffer/4.1.74.Final/netty-buffer-4.1.74.Final.jar:/home/fjbarrena/.m2/repository/io/netty/netty-transport/4.1.74.Final/netty-transport-4.1.74.Final.jar:/home/fjbarrena/.m2/repository/io/smallrye/smallrye-fault-tolerance-vertx/5.3.1/smallrye-fault-tolerance-vertx-5.3.1.jar:/home/fjbarrena/.m2/repository/io/quarkus/resteasy/reactive/resteasy-reactive-vertx/2.8.1.Final/resteasy-reactive-vertx-2.8.1.Final.jar:/home/fjbarrena/.m2/repository/io/vertx/vertx-web/4.2.7/vertx-web-4.2.7.jar:/home/fjbarrena/.m2/repository/io/vertx/vertx-web-common/4.2.7/vertx-web-common-4.2.7.jar:/home/fjbarrena/.m2/repository/io/vertx/vertx-auth-common/4.2.7/vertx-auth-common-4.2.7.jar:/home/fjbarrena/.m2/repository/io/vertx/vertx-bridge-common/4.2.7/vertx-bridge-common-4.2.7.jar:/home/fjbarrena/.m2/repository/io/vertx/vertx-core/4.2.7/vertx-core-4.2.7.jar:/home/fjbarrena/.m2/repository/io/netty/netty-common/4.1.74.Final/netty-common-4.1.74.Final.jar:/home/fjbarrena/.m2/repository/io/netty/netty-handler-proxy/4.1.74.Final/netty-handler-proxy-4.1.74.Final.jar:/home/fjbarrena/.m2/repository/io/netty/netty-codec-socks/4.1.74.Final/netty-codec-socks-4.1.74.Final.jar:/home/fjbarrena/.m2/repository/io/netty/netty-resolver/4.1.74.Final/netty-resolver-4.1.74.Final.jar:/home/fjbarrena/.m2/repository/io/netty/netty-resolver-dns/4.1.74.Final/netty-resolver-dns-4.1.74.Final.jar:/home/fjbarrena/.m2/repository/io/netty/netty-codec-dns/4.1.74.Final/netty-codec-dns-4.1.74.Final.jar:/home/fjbarrena/.m2/repository/io/smallrye/reactive/smallrye-mutiny-vertx-core/2.21.0/smallrye-mutiny-vertx-core-2.21.0.jar:/home/fjbarrena/.m2/repository/io/smallrye/reactive/smallrye-mutiny-vertx-runtime/2.21.0/smallrye-mutiny-vertx-runtime-2.21.0.jar:/home/fjbarrena/.m2/repository/io/smallrye/reactive/vertx-mutiny-generator/2.21.0/vertx-mutiny-generator-2.21.0.jar:/home/fjbarrena/.m2/repository/io/vertx/vertx-codegen/4.2.7/vertx-codegen-4.2.7.jar:/home/fjbarrena/.m2/repository/io/quarkus/resteasy/reactive/resteasy-reactive/2.8.1.Final/resteasy-reactive-2.8.1.Final.jar:/home/fjbarrena/.m2/repository/org/jboss/logging/commons-logging-jboss-logging/1.0.0.Final/commons-logging-jboss-logging-1.0.0.Final.jar:/home/fjbarrena/.m2/repository/io/quarkus/quarkus-vertx-http/2.8.1.Final/quarkus-vertx-http-2.8.1.Final.jar:/home/fjbarrena/.m2/repository/io/quarkus/quarkus-security-runtime-spi/2.8.1.Final/quarkus-security-runtime-spi-2.8.1.Final.jar:/home/fjbarrena/.m2/repository/io/smallrye/common/smallrye-common-vertx-context/1.10.0/smallrye-common-vertx-context-1.10.0.jar:/home/fjbarrena/.m2/repository/io/smallrye/common/smallrye-common-constraint/1.10.0/smallrye-common-constraint-1.10.0.jar:/home/fjbarrena/.m2/repository/io/quarkus/quarkus-vertx-http-dev-console-runtime-spi/2.8.1.Final/quarkus-vertx-http-dev-console-runtime-spi-2.8.1.Final.jar:/home/fjbarrena/.m2/repository/io/quarkus/security/quarkus-security/1.1.4.Final/quarkus-security-1.1.4.Final.jar:/home/fjbarrena/.m2/repository/io/smallrye/reactive/smallrye-mutiny-vertx-web/2.21.0/smallrye-mutiny-vertx-web-2.21.0.jar:/home/fjbarrena/.m2/repository/io/smallrye/reactive/smallrye-mutiny-vertx-web-common/2.21.0/smallrye-mutiny-vertx-web-common-2.21.0.jar:/home/fjbarrena/.m2/repository/io/smallrye/reactive/smallrye-mutiny-vertx-auth-common/2.21.0/smallrye-mutiny-vertx-auth-common-2.21.0.jar:/home/fjbarrena/.m2/repository/io/smallrye/reactive/smallrye-mutiny-vertx-bridge-common/2.21.0/smallrye-mutiny-vertx-bridge-common-2.21.0.jar:/home/fjbarrena/.m2/repository/io/quarkus/quarkus-jsonp/2.8.1.Final/quarkus-jsonp-2.8.1.Final.jar:/home/fjbarrena/.m2/repository/org/glassfish/jakarta.json/1.1.6/jakarta.json-1.1.6.jar:/home/fjbarrena/.m2/repository/io/quarkus/quarkus-scheduler/2.8.1.Final/quarkus-scheduler-2.8.1.Final.jar:/home/fjbarrena/.m2/repository/com/cronutils/cron-utils/9.1.6/cron-utils-9.1.6.jar:/home/fjbarrena/.m2/repository/org/javassist/javassist/3.27.0-GA/javassist-3.27.0-GA.jar:/home/fjbarrena/.m2/repository/org/jboss/slf4j/slf4j-jboss-logmanager/1.1.0.Final/slf4j-jboss-logmanager-1.1.0.Final.jar:/home/fjbarrena/.m2/repository/org/glassfish/jakarta.el/3.0.4/jakarta.el-3.0.4.jar:/home/fjbarrena/.m2/repository/io/quarkus/quarkus-junit5/2.8.1.Final/quarkus-junit5-2.8.1.Final.jar:/home/fjbarrena/.m2/repository/io/quarkus/quarkus-bootstrap-core/2.8.1.Final/quarkus-bootstrap-core-2.8.1.Final.jar:/home/fjbarrena/.m2/repository/io/quarkus/quarkus-bootstrap-app-model/2.8.1.Final/quarkus-bootstrap-app-model-2.8.1.Final.jar:/home/fjbarrena/.m2/repository/io/quarkus/quarkus-bootstrap-maven-resolver/2.8.1.Final/quarkus-bootstrap-maven-resolver-2.8.1.Final.jar:/home/fjbarrena/.m2/repository/org/apache/maven/maven-embedder/3.8.4/maven-embedder-3.8.4.jar:/home/fjbarrena/.m2/repository/org/apache/maven/maven-settings/3.8.4/maven-settings-3.8.4.jar:/home/fjbarrena/.m2/repository/org/apache/maven/maven-core/3.8.4/maven-core-3.8.4.jar:/home/fjbarrena/.m2/repository/org/apache/maven/maven-artifact/3.8.4/maven-artifact-3.8.4.jar:/home/fjbarrena/.m2/repository/org/codehaus/plexus/plexus-component-annotations/2.1.0/plexus-component-annotations-2.1.0.jar:/home/fjbarrena/.m2/repository/org/apache/maven/maven-plugin-api/3.8.4/maven-plugin-api-3.8.4.jar:/home/fjbarrena/.m2/repository/org/apache/maven/maven-model/3.8.4/maven-model-3.8.4.jar:/home/fjbarrena/.m2/repository/org/apache/maven/maven-model-builder/3.8.4/maven-model-builder-3.8.4.jar:/home/fjbarrena/.m2/repository/org/apache/maven/maven-builder-support/3.8.4/maven-builder-support-3.8.4.jar:/home/fjbarrena/.m2/repository/org/apache/maven/resolver/maven-resolver-api/1.6.3/maven-resolver-api-1.6.3.jar:/home/fjbarrena/.m2/repository/org/apache/maven/resolver/maven-resolver-util/1.6.3/maven-resolver-util-1.6.3.jar:/home/fjbarrena/.m2/repository/org/apache/maven/shared/maven-shared-utils/3.3.4/maven-shared-utils-3.3.4.jar:/home/fjbarrena/.m2/repository/com/google/inject/guice/4.2.2/guice-4.2.2-no_aop.jar:/home/fjbarrena/.m2/repository/org/codehaus/plexus/plexus-classworlds/2.6.0/plexus-classworlds-2.6.0.jar:/home/fjbarrena/.m2/repository/org/codehaus/plexus/plexus-sec-dispatcher/2.0/plexus-sec-dispatcher-2.0.jar:/home/fjbarrena/.m2/repository/org/codehaus/plexus/plexus-cipher/2.0/plexus-cipher-2.0.jar:/home/fjbarrena/.m2/repository/commons-cli/commons-cli/1.4/commons-cli-1.4.jar:/home/fjbarrena/.m2/repository/org/eclipse/sisu/org.eclipse.sisu.plexus/0.3.5/org.eclipse.sisu.plexus-0.3.5.jar:/home/fjbarrena/.m2/repository/org/apache/maven/maven-settings-builder/3.8.4/maven-settings-builder-3.8.4.jar:/home/fjbarrena/.m2/repository/org/codehaus/plexus/plexus-interpolation/1.26/plexus-interpolation-1.26.jar:/home/fjbarrena/.m2/repository/org/apache/maven/maven-resolver-provider/3.8.4/maven-resolver-provider-3.8.4.jar:/home/fjbarrena/.m2/repository/org/apache/maven/maven-repository-metadata/3.8.4/maven-repository-metadata-3.8.4.jar:/home/fjbarrena/.m2/repository/org/apache/maven/resolver/maven-resolver-spi/1.6.3/maven-resolver-spi-1.6.3.jar:/home/fjbarrena/.m2/repository/org/apache/maven/resolver/maven-resolver-impl/1.6.3/maven-resolver-impl-1.6.3.jar:/home/fjbarrena/.m2/repository/org/codehaus/plexus/plexus-utils/3.3.0/plexus-utils-3.3.0.jar:/home/fjbarrena/.m2/repository/org/apache/maven/resolver/maven-resolver-connector-basic/1.6.3/maven-resolver-connector-basic-1.6.3.jar:/home/fjbarrena/.m2/repository/org/apache/maven/resolver/maven-resolver-transport-wagon/1.6.3/maven-resolver-transport-wagon-1.6.3.jar:/home/fjbarrena/.m2/repository/org/apache/maven/wagon/wagon-http/3.4.3/wagon-http-3.4.3.jar:/home/fjbarrena/.m2/repository/org/apache/maven/wagon/wagon-http-shared/3.4.3/wagon-http-shared-3.4.3.jar:/home/fjbarrena/.m2/repository/org/apache/maven/wagon/wagon-provider-api/3.4.3/wagon-provider-api-3.4.3.jar:/home/fjbarrena/.m2/repository/org/apache/maven/wagon/wagon-file/3.4.3/wagon-file-3.4.3.jar:/home/fjbarrena/.m2/repository/io/quarkus/quarkus-bootstrap-gradle-resolver/2.8.1.Final/quarkus-bootstrap-gradle-resolver-2.8.1.Final.jar:/home/fjbarrena/.m2/repository/io/smallrye/common/smallrye-common-io/1.10.0/smallrye-common-io-1.10.0.jar:/home/fjbarrena/.m2/repository/org/eclipse/sisu/org.eclipse.sisu.inject/0.3.5/org.eclipse.sisu.inject-0.3.5.jar:/home/fjbarrena/.m2/repository/io/quarkus/quarkus-test-common/2.8.1.Final/quarkus-test-common-2.8.1.Final.jar:/home/fjbarrena/.m2/repository/io/quarkus/quarkus-core-deployment/2.8.1.Final/quarkus-core-deployment-2.8.1.Final.jar:/home/fjbarrena/.m2/repository/org/aesh/readline/2.2/readline-2.2.jar:/home/fjbarrena/.m2/repository/org/fusesource/jansi/jansi/1.18/jansi-1.18.jar:/home/fjbarrena/.m2/repository/org/aesh/aesh/2.6/aesh-2.6.jar:/home/fjbarrena/.m2/repository/io/quarkus/gizmo/gizmo/1.0.10.Final/gizmo-1.0.10.Final.jar:/home/fjbarrena/.m2/repository/org/ow2/asm/asm-util/9.2/asm-util-9.2.jar:/home/fjbarrena/.m2/repository/org/ow2/asm/asm-commons/9.2/asm-commons-9.2.jar:/home/fjbarrena/.m2/repository/org/ow2/asm/asm-tree/9.2/asm-tree-9.2.jar:/home/fjbarrena/.m2/repository/org/ow2/asm/asm-analysis/9.2/asm-analysis-9.2.jar:/home/fjbarrena/.m2/repository/io/quarkus/quarkus-class-change-agent/2.8.1.Final/quarkus-class-change-agent-2.8.1.Final.jar:/home/fjbarrena/.m2/repository/io/quarkus/quarkus-devtools-utilities/2.8.1.Final/quarkus-devtools-utilities-2.8.1.Final.jar:/home/fjbarrena/.m2/repository/io/quarkus/quarkus-builder/2.8.1.Final/quarkus-builder-2.8.1.Final.jar:/home/fjbarrena/.m2/repository/org/junit/platform/junit-platform-launcher/1.8.2/junit-platform-launcher-1.8.2.jar:/home/fjbarrena/.m2/repository/io/quarkus/quarkus-jsonp-deployment/2.8.1.Final/quarkus-jsonp-deployment-2.8.1.Final.jar:/home/fjbarrena/.m2/repository/org/jboss/jandex/2.4.2.Final/jandex-2.4.2.Final.jar:/home/fjbarrena/.m2/repository/io/quarkus/quarkus-junit5-properties/2.8.1.Final/quarkus-junit5-properties-2.8.1.Final.jar:/home/fjbarrena/.m2/repository/org/junit/jupiter/junit-jupiter/5.8.2/junit-jupiter-5.8.2.jar:/home/fjbarrena/.m2/repository/org/junit/jupiter/junit-jupiter-api/5.8.2/junit-jupiter-api-5.8.2.jar:/home/fjbarrena/.m2/repository/org/opentest4j/opentest4j/1.2.0/opentest4j-1.2.0.jar:/home/fjbarrena/.m2/repository/org/junit/platform/junit-platform-commons/1.8.2/junit-platform-commons-1.8.2.jar:/home/fjbarrena/.m2/repository/org/apiguardian/apiguardian-api/1.1.2/apiguardian-api-1.1.2.jar:/home/fjbarrena/.m2/repository/org/junit/jupiter/junit-jupiter-params/5.8.2/junit-jupiter-params-5.8.2.jar:/home/fjbarrena/.m2/repository/org/junit/jupiter/junit-jupiter-engine/5.8.2/junit-jupiter-engine-5.8.2.jar:/home/fjbarrena/.m2/repository/org/junit/platform/junit-platform-engine/1.8.2/junit-platform-engine-1.8.2.jar:/home/fjbarrena/.m2/repository/com/thoughtworks/xstream/xstream/1.4.19/xstream-1.4.19.jar:/home/fjbarrena/.m2/repository/io/github/x-stream/mxparser/1.2.2/mxparser-1.2.2.jar:/home/fjbarrena/.m2/repository/xmlpull/xmlpull/1.1.3.1/xmlpull-1.1.3.1.jar:/home/fjbarrena/.m2/repository/io/rest-assured/rest-assured/4.5.1/rest-assured-4.5.1.jar:/home/fjbarrena/.m2/repository/org/codehaus/groovy/groovy/3.0.9/groovy-3.0.9.jar:/home/fjbarrena/.m2/repository/org/codehaus/groovy/groovy-xml/3.0.9/groovy-xml-3.0.9.jar:/home/fjbarrena/.m2/repository/org/apache/httpcomponents/httpclient/4.5.13/httpclient-4.5.13.jar:/home/fjbarrena/.m2/repository/org/apache/httpcomponents/httpcore/4.4.15/httpcore-4.4.15.jar:/home/fjbarrena/.m2/repository/commons-codec/commons-codec/1.15/commons-codec-1.15.jar:/home/fjbarrena/.m2/repository/org/apache/httpcomponents/httpmime/4.5.13/httpmime-4.5.13.jar:/home/fjbarrena/.m2/repository/org/hamcrest/hamcrest/2.1/hamcrest-2.1.jar:/home/fjbarrena/.m2/repository/org/ccil/cowan/tagsoup/tagsoup/1.2.1/tagsoup-1.2.1.jar:/home/fjbarrena/.m2/repository/io/rest-assured/json-path/4.5.1/json-path-4.5.1.jar:/home/fjbarrena/.m2/repository/org/codehaus/groovy/groovy-json/3.0.9/groovy-json-3.0.9.jar:/home/fjbarrena/.m2/repository/io/rest-assured/rest-assured-common/4.5.1/rest-assured-common-4.5.1.jar:/home/fjbarrena/.m2/repository/io/rest-assured/xml-path/4.5.1/xml-path-4.5.1.jar:/home/fjbarrena/.m2/repository/org/apache/commons/commons-lang3/3.12.0/commons-lang3-3.12.0.jar:/home/fjbarrena/Projects/kyso/kyso-indexer/indexer/target/kyso-file-indexer-1.0-SNAPSHOT.jar:/home/fjbarrena/.m2/repository/org/apache/tika/tika-parsers/1.17/tika-parsers-1.17.jar:/home/fjbarrena/.m2/repository/org/apache/tika/tika-core/1.17/tika-core-1.17.jar:/home/fjbarrena/.m2/repository/org/gagravarr/vorbis-java-tika/0.8/vorbis-java-tika-0.8.jar:/home/fjbarrena/.m2/repository/com/healthmarketscience/jackcess/jackcess/2.1.8/jackcess-2.1.8.jar:/home/fjbarrena/.m2/repository/commons-lang/commons-lang/2.6/commons-lang-2.6.jar:/home/fjbarrena/.m2/repository/com/healthmarketscience/jackcess/jackcess-encrypt/2.1.2/jackcess-encrypt-2.1.2.jar:/home/fjbarrena/.m2/repository/org/tallison/jmatio/1.2/jmatio-1.2.jar:/home/fjbarrena/.m2/repository/org/apache/james/apache-mime4j-core/0.8.1/apache-mime4j-core-0.8.1.jar:/home/fjbarrena/.m2/repository/org/apache/james/apache-mime4j-dom/0.8.1/apache-mime4j-dom-0.8.1.jar:/home/fjbarrena/.m2/repository/org/apache/commons/commons-compress/1.21/commons-compress-1.21.jar:/home/fjbarrena/.m2/repository/org/tukaani/xz/1.6/xz-1.6.jar:/home/fjbarrena/.m2/repository/org/apache/pdfbox/pdfbox/2.0.8/pdfbox-2.0.8.jar:/home/fjbarrena/.m2/repository/org/apache/pdfbox/fontbox/2.0.8/fontbox-2.0.8.jar:/home/fjbarrena/.m2/repository/org/apache/pdfbox/pdfbox-tools/2.0.8/pdfbox-tools-2.0.8.jar:/home/fjbarrena/.m2/repository/org/apache/pdfbox/jempbox/1.8.13/jempbox-1.8.13.jar:/home/fjbarrena/.m2/repository/org/bouncycastle/bcmail-jdk15on/1.54/bcmail-jdk15on-1.54.jar:/home/fjbarrena/.m2/repository/org/bouncycastle/bcpkix-jdk15on/1.70/bcpkix-jdk15on-1.70.jar:/home/fjbarrena/.m2/repository/org/bouncycastle/bcutil-jdk15on/1.70/bcutil-jdk15on-1.70.jar:/home/fjbarrena/.m2/repository/org/bouncycastle/bcprov-jdk15on/1.70/bcprov-jdk15on-1.70.jar:/home/fjbarrena/.m2/repository/org/apache/poi/poi/3.17/poi-3.17.jar:/home/fjbarrena/.m2/repository/org/apache/commons/commons-collections4/4.1/commons-collections4-4.1.jar:/home/fjbarrena/.m2/repository/org/apache/poi/poi-scratchpad/3.17/poi-scratchpad-3.17.jar:/home/fjbarrena/.m2/repository/org/apache/poi/poi-ooxml/3.17/poi-ooxml-3.17.jar:/home/fjbarrena/.m2/repository/org/apache/poi/poi-ooxml-schemas/3.17/poi-ooxml-schemas-3.17.jar:/home/fjbarrena/.m2/repository/org/apache/xmlbeans/xmlbeans/2.6.0/xmlbeans-2.6.0.jar:/home/fjbarrena/.m2/repository/com/github/virtuald/curvesapi/1.04/curvesapi-1.04.jar:/home/fjbarrena/.m2/repository/org/ow2/asm/asm/9.2/asm-9.2.jar:/home/fjbarrena/.m2/repository/com/googlecode/mp4parser/isoparser/1.1.18/isoparser-1.1.18.jar:/home/fjbarrena/.m2/repository/com/drewnoakes/metadata-extractor/2.10.1/metadata-extractor-2.10.1.jar:/home/fjbarrena/.m2/repository/com/adobe/xmp/xmpcore/5.1.3/xmpcore-5.1.3.jar:/home/fjbarrena/.m2/repository/de/l3s/boilerpipe/boilerpipe/1.1.0/boilerpipe-1.1.0.jar:/home/fjbarrena/.m2/repository/com/rometools/rome/1.5.1/rome-1.5.1.jar:/home/fjbarrena/.m2/repository/com/rometools/rome-utils/1.5.1/rome-utils-1.5.1.jar:/home/fjbarrena/.m2/repository/org/gagravarr/vorbis-java-core/0.8/vorbis-java-core-0.8.jar:/home/fjbarrena/.m2/repository/com/googlecode/juniversalchardet/juniversalchardet/1.0.3/juniversalchardet-1.0.3.jar:/home/fjbarrena/.m2/repository/org/codelibs/jhighlight/1.0.2/jhighlight-1.0.2.jar:/home/fjbarrena/.m2/repository/com/pff/java-libpst/0.8.1/java-libpst-0.8.1.jar:/home/fjbarrena/.m2/repository/com/github/junrar/junrar/0.7/junrar-0.7.jar:/home/fjbarrena/.m2/repository/org/apache/cxf/cxf-rt-rs-client/3.0.16/cxf-rt-rs-client-3.0.16.jar:/home/fjbarrena/.m2/repository/org/apache/cxf/cxf-rt-transports-http/3.0.16/cxf-rt-transports-http-3.0.16.jar:/home/fjbarrena/.m2/repository/org/apache/cxf/cxf-core/3.0.16/cxf-core-3.0.16.jar:/home/fjbarrena/.m2/repository/org/codehaus/woodstox/woodstox-core-asl/4.4.1/woodstox-core-asl-4.4.1.jar:/home/fjbarrena/.m2/repository/org/codehaus/woodstox/stax2-api/3.1.4/stax2-api-3.1.4.jar:/home/fjbarrena/.m2/repository/org/apache/ws/xmlschema/xmlschema-core/2.2.2/xmlschema-core-2.2.2.jar:/home/fjbarrena/.m2/repository/org/apache/cxf/cxf-rt-frontend-jaxrs/3.0.16/cxf-rt-frontend-jaxrs-3.0.16.jar:/home/fjbarrena/.m2/repository/javax/ws/rs/javax.ws.rs-api/2.0.1/javax.ws.rs-api-2.0.1.jar:/home/fjbarrena/.m2/repository/javax/annotation/javax.annotation-api/1.2/javax.annotation-api-1.2.jar:/home/fjbarrena/.m2/repository/org/apache/commons/commons-exec/1.3/commons-exec-1.3.jar:/home/fjbarrena/.m2/repository/org/apache/opennlp/opennlp-tools/1.8.3/opennlp-tools-1.8.3.jar:/home/fjbarrena/.m2/repository/com/tdunning/json/1.8/json-1.8.jar:/home/fjbarrena/.m2/repository/org/slf4j/jul-to-slf4j/1.7.24/jul-to-slf4j-1.7.24.jar:/home/fjbarrena/.m2/repository/org/slf4j/jcl-over-slf4j/1.7.24/jcl-over-slf4j-1.7.24.jar:/home/fjbarrena/.m2/repository/edu/ucar/netcdf4/4.5.5/netcdf4-4.5.5.jar:/home/fjbarrena/.m2/repository/net/jcip/jcip-annotations/1.0/jcip-annotations-1.0.jar:/home/fjbarrena/.m2/repository/net/java/dev/jna/jna/5.8.0/jna-5.8.0.jar:/home/fjbarrena/.m2/repository/edu/ucar/grib/4.5.5/grib-4.5.5.jar:/home/fjbarrena/.m2/repository/com/google/protobuf/protobuf-java/3.19.3/protobuf-java-3.19.3.jar:/home/fjbarrena/.m2/repository/org/jdom/jdom2/2.0.4/jdom2-2.0.4.jar:/home/fjbarrena/.m2/repository/org/jsoup/jsoup/1.14.2/jsoup-1.14.2.jar:/home/fjbarrena/.m2/repository/org/itadaki/bzip2/0.9.1/bzip2-0.9.1.jar:/home/fjbarrena/.m2/repository/edu/ucar/cdm/4.5.5/cdm-4.5.5.jar:/home/fjbarrena/.m2/repository/edu/ucar/udunits/4.5.5/udunits-4.5.5.jar:/home/fjbarrena/.m2/repository/joda-time/joda-time/2.2/joda-time-2.2.jar:/home/fjbarrena/.m2/repository/org/quartz-scheduler/quartz/2.3.2/quartz-2.3.2.jar:/home/fjbarrena/.m2/repository/com/mchange/c3p0/0.9.5.4/c3p0-0.9.5.4.jar:/home/fjbarrena/.m2/repository/com/mchange/mchange-commons-java/0.2.15/mchange-commons-java-0.2.15.jar:/home/fjbarrena/.m2/repository/com/zaxxer/HikariCP-java7/2.4.13/HikariCP-java7-2.4.13.jar:/home/fjbarrena/.m2/repository/net/sf/ehcache/ehcache-core/2.6.2/ehcache-core-2.6.2.jar:/home/fjbarrena/.m2/repository/com/google/guava/guava/31.1-jre/guava-31.1-jre.jar:/home/fjbarrena/.m2/repository/com/google/guava/failureaccess/1.0.1/failureaccess-1.0.1.jar:/home/fjbarrena/.m2/repository/org/checkerframework/checker-qual/3.21.3/checker-qual-3.21.3.jar:/home/fjbarrena/.m2/repository/com/google/errorprone/error_prone_annotations/2.11.0/error_prone_annotations-2.11.0.jar:/home/fjbarrena/.m2/repository/com/google/j2objc/j2objc-annotations/1.3/j2objc-annotations-1.3.jar:/home/fjbarrena/.m2/repository/com/beust/jcommander/1.35/jcommander-1.35.jar:/home/fjbarrena/.m2/repository/edu/ucar/httpservices/4.5.5/httpservices-4.5.5.jar:/home/fjbarrena/.m2/repository/org/apache/commons/commons-csv/1.0/commons-csv-1.0.jar:/home/fjbarrena/.m2/repository/org/apache/sis/core/sis-utility/0.6/sis-utility-0.6.jar:/home/fjbarrena/.m2/repository/org/apache/sis/storage/sis-netcdf/0.6/sis-netcdf-0.6.jar:/home/fjbarrena/.m2/repository/org/apache/sis/storage/sis-storage/0.6/sis-storage-0.6.jar:/home/fjbarrena/.m2/repository/org/apache/sis/core/sis-referencing/0.6/sis-referencing-0.6.jar:/home/fjbarrena/.m2/repository/org/apache/sis/core/sis-metadata/0.6/sis-metadata-0.6.jar:/home/fjbarrena/.m2/repository/org/opengis/geoapi/3.0.0/geoapi-3.0.0.jar:/home/fjbarrena/.m2/repository/javax/measure/jsr-275/0.9.3/jsr-275-0.9.3.jar:/home/fjbarrena/.m2/repository/edu/usc/ir/sentiment-analysis-parser/0.1/sentiment-analysis-parser-0.1.jar:/home/fjbarrena/.m2/repository/com/fasterxml/jackson/core/jackson-core/2.13.2/jackson-core-2.13.2.jar:/home/fjbarrena/.m2/repository/com/google/code/gson/gson/2.9.0/gson-2.9.0.jar:/home/fjbarrena/.m2/repository/com/googlecode/json-simple/json-simple/1.1.1/json-simple-1.1.1.jar:/home/fjbarrena/.m2/repository/junit/junit/4.10/junit-4.10.jar:/home/fjbarrena/.m2/repository/org/hamcrest/hamcrest-core/1.1/hamcrest-core-1.1.jar:/home/fjbarrena/.m2/repository/com/esotericsoftware/yamlbeans/yamlbeans/1.15/yamlbeans-1.15.jar:/home/fjbarrena/.m2/repository/commons-io/commons-io/2.11.0/commons-io-2.11.0.jar:"/>
    <property name="java.vm.vendor" value="Oracle Corporation"/>
    <property name="sun.arch.data.model" value="64"/>
    <property name="java.vendor.url" value="https://java.oracle.com/"/>
    <property name="user.timezone" value="Europe/Madrid"/>
    <property name="os.name" value="Linux"/>
    <property name="java.vm.specification.version" value="17"/>
    <property name="sun.java.launcher" value="SUN_STANDARD"/>
    <property name="user.country" value="US"/>
    <property name="sun.boot.library.path" value="/home/fjbarrena/.sdkman/candidates/java/17.0.2-oracle/lib"/>
    <property name="sun.java.command" value="/home/fjbarrena/Projects/kyso/kyso-indexer/api/target/surefire/surefirebooter10897775492265187714.jar /home/fjbarrena/Projects/kyso/kyso-indexer/api/target/surefire 2022-05-01T18-46-11_832-jvmRun1 surefire10327608467093749051tmp surefire_01177752560392807970tmp"/>
    <property name="maven.home" value="/opt/apache-maven-3.8.5"/>
    <property name="jdk.debug" value="release"/>
    <property name="surefire.test.class.path" value="/home/fjbarrena/Projects/kyso/kyso-indexer/api/target/test-classes:/home/fjbarrena/Projects/kyso/kyso-indexer/api/target/classes:/home/fjbarrena/.m2/repository/io/quarkus/quarkus-arc/2.8.1.Final/quarkus-arc-2.8.1.Final.jar:/home/fjbarrena/.m2/repository/io/quarkus/arc/arc/2.8.1.Final/arc-2.8.1.Final.jar:/home/fjbarrena/.m2/repository/jakarta/enterprise/jakarta.enterprise.cdi-api/2.0.2/jakarta.enterprise.cdi-api-2.0.2.jar:/home/fjbarrena/.m2/repository/jakarta/el/jakarta.el-api/3.0.3/jakarta.el-api-3.0.3.jar:/home/fjbarrena/.m2/repository/jakarta/interceptor/jakarta.interceptor-api/1.2.5/jakarta.interceptor-api-1.2.5.jar:/home/fjbarrena/.m2/repository/jakarta/annotation/jakarta.annotation-api/1.3.5/jakarta.annotation-api-1.3.5.jar:/home/fjbarrena/.m2/repository/jakarta/transaction/jakarta.transaction-api/1.3.3/jakarta.transaction-api-1.3.3.jar:/home/fjbarrena/.m2/repository/org/jboss/logging/jboss-logging/3.4.3.Final/jboss-logging-3.4.3.Final.jar:/home/fjbarrena/.m2/repository/io/quarkus/quarkus-core/2.8.1.Final/quarkus-core-2.8.1.Final.jar:/home/fjbarrena/.m2/repository/jakarta/inject/jakarta.inject-api/1.0/jakarta.inject-api-1.0.jar:/home/fjbarrena/.m2/repository/io/quarkus/quarkus-ide-launcher/2.8.1.Final/quarkus-ide-launcher-2.8.1.Final.jar:/home/fjbarrena/.m2/repository/io/quarkus/quarkus-development-mode-spi/2.8.1.Final/quarkus-development-mode-spi-2.8.1.Final.jar:/home/fjbarrena/.m2/repository/io/smallrye/config/smallrye-config/2.9.2/smallrye-config-2.9.2.jar:/home/fjbarrena/.m2/repository/io/smallrye/config/smallrye-config-core/2.9.2/smallrye-config-core-2.9.2.jar:/home/fjbarrena/.m2/repository/org/eclipse/microprofile/config/microprofile-config-api/2.0.1/microprofile-config-api-2.0.1.jar:/home/fjbarrena/.m2/repository/io/smallrye/common/smallrye-common-expression/1.10.0/smallrye-common-expression-1.10.0.jar:/home/fjbarrena/.m2/repository/io/smallrye/common/smallrye-common-function/1.10.0/smallrye-common-function-1.10.0.jar:/home/fjbarrena/.m2/repository/io/smallrye/common/smallrye-common-classloader/1.10.0/smallrye-common-classloader-1.10.0.jar:/home/fjbarrena/.m2/repository/io/smallrye/config/smallrye-config-common/2.9.2/smallrye-config-common-2.9.2.jar:/home/fjbarrena/.m2/repository/org/jboss/logmanager/jboss-logmanager-embedded/1.0.9/jboss-logmanager-embedded-1.0.9.jar:/home/fjbarrena/.m2/repository/org/jboss/logging/jboss-logging-annotations/2.2.1.Final/jboss-logging-annotations-2.2.1.Final.jar:/home/fjbarrena/.m2/repository/org/jboss/threads/jboss-threads/3.4.2.Final/jboss-threads-3.4.2.Final.jar:/home/fjbarrena/.m2/repository/org/slf4j/slf4j-api/1.7.36/slf4j-api-1.7.36.jar:/home/fjbarrena/.m2/repository/org/graalvm/sdk/graal-sdk/22.0.0.2/graal-sdk-22.0.0.2.jar:/home/fjbarrena/.m2/repository/org/wildfly/common/wildfly-common/1.5.4.Final-format-001/wildfly-common-1.5.4.Final-format-001.jar:/home/fjbarrena/.m2/repository/io/quarkus/quarkus-bootstrap-runner/2.8.1.Final/quarkus-bootstrap-runner-2.8.1.Final.jar:/home/fjbarrena/.m2/repository/io/quarkus/quarkus-fs-util/0.0.9/quarkus-fs-util-0.0.9.jar:/home/fjbarrena/.m2/repository/org/eclipse/microprofile/context-propagation/microprofile-context-propagation-api/1.2/microprofile-context-propagation-api-1.2.jar:/home/fjbarrena/.m2/repository/io/quarkus/quarkus-resteasy-reactive/2.8.1.Final/quarkus-resteasy-reactive-2.8.1.Final.jar:/home/fjbarrena/.m2/repository/org/jboss/spec/javax/ws/rs/jboss-jaxrs-api_2.1_spec/2.0.1.Final/jboss-jaxrs-api_2.1_spec-2.0.1.Final.jar:/home/fjbarrena/.m2/repository/io/quarkus/quarkus-resteasy-reactive-common/2.8.1.Final/quarkus-resteasy-reactive-common-2.8.1.Final.jar:/home/fjbarrena/.m2/repository/io/quarkus/resteasy/reactive/resteasy-reactive-common/2.8.1.Final/resteasy-reactive-common-2.8.1.Final.jar:/home/fjbarrena/.m2/repository/io/smallrye/reactive/mutiny/1.4.0/mutiny-1.4.0.jar:/home/fjbarrena/.m2/repository/org/reactivestreams/reactive-streams/1.0.3/reactive-streams-1.0.3.jar:/home/fjbarrena/.m2/repository/io/smallrye/common/smallrye-common-annotation/1.10.0/smallrye-common-annotation-1.10.0.jar:/home/fjbarrena/.m2/repository/io/quarkus/quarkus-mutiny/2.8.1.Final/quarkus-mutiny-2.8.1.Final.jar:/home/fjbarrena/.m2/repository/io/quarkus/quarkus-smallrye-context-propagation/2.8.1.Final/quarkus-smallrye-context-propagation-2.8.1.Final.jar:/home/fjbarrena/.m2/repository/io/smallrye/smallrye-context-propagation/1.2.2/smallrye-context-propagation-1.2.2.jar:/home/fjbarrena/.m2/repository/io/smallrye/smallrye-context-propagation-api/1.2.2/smallrye-context-propagation-api-1.2.2.jar:/home/fjbarrena/.m2/repository/io/smallrye/smallrye-context-propagation-storage/1.2.2/smallrye-context-propagation-storage-1.2.2.jar:/home/fjbarrena/.m2/repository/io/smallrye/reactive/mutiny-smallrye-context-propagation/1.4.0/mutiny-smallrye-context-propagation-1.4.0.jar:/home/fjbarrena/.m2/repository/io/quarkus/quarkus-vertx/2.8.1.Final/quarkus-vertx-2.8.1.Final.jar:/home/fjbarrena/.m2/repository/io/quarkus/quarkus-netty/2.8.1.Final/quarkus-netty-2.8.1.Final.jar:/home/fjbarrena/.m2/repository/io/netty/netty-codec/4.1.74.Final/netty-codec-4.1.74.Final.jar:/home/fjbarrena/.m2/repository/io/netty/netty-codec-http/4.1.74.Final/netty-codec-http-4.1.74.Final.jar:/home/fjbarrena/.m2/repository/io/netty/netty-codec-http2/4.1.74.Final/netty-codec-http2-4.1.74.Final.jar:/home/fjbarrena/.m2/repository/io/netty/netty-handler/4.1.74.Final/netty-handler-4.1.74.Final.jar:/home/fjbarrena/.m2/repository/io/netty/netty-tcnative-classes/2.0.48.Final/netty-tcnative-classes-2.0.48.Final.jar:/home/fjbarrena/.m2/repository/io/netty/netty-codec-haproxy/4.1.74.Final/netty-codec-haproxy-4.1.74.Final.jar:/home/fjbarrena/.m2/repository/io/netty/netty-buffer/4.1.74.Final/netty-buffer-4.1.74.Final.jar:/home/fjbarrena/.m2/repository/io/netty/netty-transport/4.1.74.Final/netty-transport-4.1.74.Final.jar:/home/fjbarrena/.m2/repository/io/smallrye/smallrye-fault-tolerance-vertx/5.3.1/smallrye-fault-tolerance-vertx-5.3.1.jar:/home/fjbarrena/.m2/repository/io/quarkus/resteasy/reactive/resteasy-reactive-vertx/2.8.1.Final/resteasy-reactive-vertx-2.8.1.Final.jar:/home/fjbarrena/.m2/repository/io/vertx/vertx-web/4.2.7/vertx-web-4.2.7.jar:/home/fjbarrena/.m2/repository/io/vertx/vertx-web-common/4.2.7/vertx-web-common-4.2.7.jar:/home/fjbarrena/.m2/repository/io/vertx/vertx-auth-common/4.2.7/vertx-auth-common-4.2.7.jar:/home/fjbarrena/.m2/repository/io/vertx/vertx-bridge-common/4.2.7/vertx-bridge-common-4.2.7.jar:/home/fjbarrena/.m2/repository/io/vertx/vertx-core/4.2.7/vertx-core-4.2.7.jar:/home/fjbarrena/.m2/repository/io/netty/netty-common/4.1.74.Final/netty-common-4.1.74.Final.jar:/home/fjbarrena/.m2/repository/io/netty/netty-handler-proxy/4.1.74.Final/netty-handler-proxy-4.1.74.Final.jar:/home/fjbarrena/.m2/repository/io/netty/netty-codec-socks/4.1.74.Final/netty-codec-socks-4.1.74.Final.jar:/home/fjbarrena/.m2/repository/io/netty/netty-resolver/4.1.74.Final/netty-resolver-4.1.74.Final.jar:/home/fjbarrena/.m2/repository/io/netty/netty-resolver-dns/4.1.74.Final/netty-resolver-dns-4.1.74.Final.jar:/home/fjbarrena/.m2/repository/io/netty/netty-codec-dns/4.1.74.Final/netty-codec-dns-4.1.74.Final.jar:/home/fjbarrena/.m2/repository/io/smallrye/reactive/smallrye-mutiny-vertx-core/2.21.0/smallrye-mutiny-vertx-core-2.21.0.jar:/home/fjbarrena/.m2/repository/io/smallrye/reactive/smallrye-mutiny-vertx-runtime/2.21.0/smallrye-mutiny-vertx-runtime-2.21.0.jar:/home/fjbarrena/.m2/repository/io/smallrye/reactive/vertx-mutiny-generator/2.21.0/vertx-mutiny-generator-2.21.0.jar:/home/fjbarrena/.m2/repository/io/vertx/vertx-codegen/4.2.7/vertx-codegen-4.2.7.jar:/home/fjbarrena/.m2/repository/io/quarkus/resteasy/reactive/resteasy-reactive/2.8.1.Final/resteasy-reactive-2.8.1.Final.jar:/home/fjbarrena/.m2/repository/org/jboss/logging/commons-logging-jboss-logging/1.0.0.Final/commons-logging-jboss-logging-1.0.0.Final.jar:/home/fjbarrena/.m2/repository/io/quarkus/quarkus-vertx-http/2.8.1.Final/quarkus-vertx-http-2.8.1.Final.jar:/home/fjbarrena/.m2/repository/io/quarkus/quarkus-security-runtime-spi/2.8.1.Final/quarkus-security-runtime-spi-2.8.1.Final.jar:/home/fjbarrena/.m2/repository/io/smallrye/common/smallrye-common-vertx-context/1.10.0/smallrye-common-vertx-context-1.10.0.jar:/home/fjbarrena/.m2/repository/io/smallrye/common/smallrye-common-constraint/1.10.0/smallrye-common-constraint-1.10.0.jar:/home/fjbarrena/.m2/repository/io/quarkus/quarkus-vertx-http-dev-console-runtime-spi/2.8.1.Final/quarkus-vertx-http-dev-console-runtime-spi-2.8.1.Final.jar:/home/fjbarrena/.m2/repository/io/quarkus/security/quarkus-security/1.1.4.Final/quarkus-security-1.1.4.Final.jar:/home/fjbarrena/.m2/repository/io/smallrye/reactive/smallrye-mutiny-vertx-web/2.21.0/smallrye-mutiny-vertx-web-2.21.0.jar:/home/fjbarrena/.m2/repository/io/smallrye/reactive/smallrye-mutiny-vertx-web-common/2.21.0/smallrye-mutiny-vertx-web-common-2.21.0.jar:/home/fjbarrena/.m2/repository/io/smallrye/reactive/smallrye-mutiny-vertx-auth-common/2.21.0/smallrye-mutiny-vertx-auth-common-2.21.0.jar:/home/fjbarrena/.m2/repository/io/smallrye/reactive/smallrye-mutiny-vertx-bridge-common/2.21.0/smallrye-mutiny-vertx-bridge-common-2.21.0.jar:/home/fjbarrena/.m2/repository/io/quarkus/quarkus-jsonp/2.8.1.Final/quarkus-jsonp-2.8.1.Final.jar:/home/fjbarrena/.m2/repository/org/glassfish/jakarta.json/1.1.6/jakarta.json-1.1.6.jar:/home/fjbarrena/.m2/repository/io/quarkus/quarkus-scheduler/2.8.1.Final/quarkus-scheduler-2.8.1.Final.jar:/home/fjbarrena/.m2/repository/com/cronutils/cron-utils/9.1.6/cron-utils-9.1.6.jar:/home/fjbarrena/.m2/repository/org/javassist/javassist/3.27.0-GA/javassist-3.27.0-GA.jar:/home/fjbarrena/.m2/repository/org/jboss/slf4j/slf4j-jboss-logmanager/1.1.0.Final/slf4j-jboss-logmanager-1.1.0.Final.jar:/home/fjbarrena/.m2/repository/org/glassfish/jakarta.el/3.0.4/jakarta.el-3.0.4.jar:/home/fjbarrena/.m2/repository/io/quarkus/quarkus-junit5/2.8.1.Final/quarkus-junit5-2.8.1.Final.jar:/home/fjbarrena/.m2/repository/io/quarkus/quarkus-bootstrap-core/2.8.1.Final/quarkus-bootstrap-core-2.8.1.Final.jar:/home/fjbarrena/.m2/repository/io/quarkus/quarkus-bootstrap-app-model/2.8.1.Final/quarkus-bootstrap-app-model-2.8.1.Final.jar:/home/fjbarrena/.m2/repository/io/quarkus/quarkus-bootstrap-maven-resolver/2.8.1.Final/quarkus-bootstrap-maven-resolver-2.8.1.Final.jar:/home/fjbarrena/.m2/repository/org/apache/maven/maven-embedder/3.8.4/maven-embedder-3.8.4.jar:/home/fjbarrena/.m2/repository/org/apache/maven/maven-settings/3.8.4/maven-settings-3.8.4.jar:/home/fjbarrena/.m2/repository/org/apache/maven/maven-core/3.8.4/maven-core-3.8.4.jar:/home/fjbarrena/.m2/repository/org/apache/maven/maven-artifact/3.8.4/maven-artifact-3.8.4.jar:/home/fjbarrena/.m2/repository/org/codehaus/plexus/plexus-component-annotations/2.1.0/plexus-component-annotations-2.1.0.jar:/home/fjbarrena/.m2/repository/org/apache/maven/maven-plugin-api/3.8.4/maven-plugin-api-3.8.4.jar:/home/fjbarrena/.m2/repository/org/apache/maven/maven-model/3.8.4/maven-model-3.8.4.jar:/home/fjbarrena/.m2/repository/org/apache/maven/maven-model-builder/3.8.4/maven-model-builder-3.8.4.jar:/home/fjbarrena/.m2/repository/org/apache/maven/maven-builder-support/3.8.4/maven-builder-support-3.8.4.jar:/home/fjbarrena/.m2/repository/org/apache/maven/resolver/maven-resolver-api/1.6.3/maven-resolver-api-1.6.3.jar:/home/fjbarrena/.m2/repository/org/apache/maven/resolver/maven-resolver-util/1.6.3/maven-resolver-util-1.6.3.jar:/home/fjbarrena/.m2/repository/org/apache/maven/shared/maven-shared-utils/3.3.4/maven-shared-utils-3.3.4.jar:/home/fjbarrena/.m2/repository/com/google/inject/guice/4.2.2/guice-4.2.2-no_aop.jar:/home/fjbarrena/.m2/repository/org/codehaus/plexus/plexus-classworlds/2.6.0/plexus-classworlds-2.6.0.jar:/home/fjbarrena/.m2/repository/org/codehaus/plexus/plexus-sec-dispatcher/2.0/plexus-sec-dispatcher-2.0.jar:/home/fjbarrena/.m2/repository/org/codehaus/plexus/plexus-cipher/2.0/plexus-cipher-2.0.jar:/home/fjbarrena/.m2/repository/commons-cli/commons-cli/1.4/commons-cli-1.4.jar:/home/fjbarrena/.m2/repository/org/eclipse/sisu/org.eclipse.sisu.plexus/0.3.5/org.eclipse.sisu.plexus-0.3.5.jar:/home/fjbarrena/.m2/repository/org/apache/maven/maven-settings-builder/3.8.4/maven-settings-builder-3.8.4.jar:/home/fjbarrena/.m2/repository/org/codehaus/plexus/plexus-interpolation/1.26/plexus-interpolation-1.26.jar:/home/fjbarrena/.m2/repository/org/apache/maven/maven-resolver-provider/3.8.4/maven-resolver-provider-3.8.4.jar:/home/fjbarrena/.m2/repository/org/apache/maven/maven-repository-metadata/3.8.4/maven-repository-metadata-3.8.4.jar:/home/fjbarrena/.m2/repository/org/apache/maven/resolver/maven-resolver-spi/1.6.3/maven-resolver-spi-1.6.3.jar:/home/fjbarrena/.m2/repository/org/apache/maven/resolver/maven-resolver-impl/1.6.3/maven-resolver-impl-1.6.3.jar:/home/fjbarrena/.m2/repository/org/codehaus/plexus/plexus-utils/3.3.0/plexus-utils-3.3.0.jar:/home/fjbarrena/.m2/repository/org/apache/maven/resolver/maven-resolver-connector-basic/1.6.3/maven-resolver-connector-basic-1.6.3.jar:/home/fjbarrena/.m2/repository/org/apache/maven/resolver/maven-resolver-transport-wagon/1.6.3/maven-resolver-transport-wagon-1.6.3.jar:/home/fjbarrena/.m2/repository/org/apache/maven/wagon/wagon-http/3.4.3/wagon-http-3.4.3.jar:/home/fjbarrena/.m2/repository/org/apache/maven/wagon/wagon-http-shared/3.4.3/wagon-http-shared-3.4.3.jar:/home/fjbarrena/.m2/repository/org/apache/maven/wagon/wagon-provider-api/3.4.3/wagon-provider-api-3.4.3.jar:/home/fjbarrena/.m2/repository/org/apache/maven/wagon/wagon-file/3.4.3/wagon-file-3.4.3.jar:/home/fjbarrena/.m2/repository/io/quarkus/quarkus-bootstrap-gradle-resolver/2.8.1.Final/quarkus-bootstrap-gradle-resolver-2.8.1.Final.jar:/home/fjbarrena/.m2/repository/io/smallrye/common/smallrye-common-io/1.10.0/smallrye-common-io-1.10.0.jar:/home/fjbarrena/.m2/repository/org/eclipse/sisu/org.eclipse.sisu.inject/0.3.5/org.eclipse.sisu.inject-0.3.5.jar:/home/fjbarrena/.m2/repository/io/quarkus/quarkus-test-common/2.8.1.Final/quarkus-test-common-2.8.1.Final.jar:/home/fjbarrena/.m2/repository/io/quarkus/quarkus-core-deployment/2.8.1.Final/quarkus-core-deployment-2.8.1.Final.jar:/home/fjbarrena/.m2/repository/org/aesh/readline/2.2/readline-2.2.jar:/home/fjbarrena/.m2/repository/org/fusesource/jansi/jansi/1.18/jansi-1.18.jar:/home/fjbarrena/.m2/repository/org/aesh/aesh/2.6/aesh-2.6.jar:/home/fjbarrena/.m2/repository/io/quarkus/gizmo/gizmo/1.0.10.Final/gizmo-1.0.10.Final.jar:/home/fjbarrena/.m2/repository/org/ow2/asm/asm-util/9.2/asm-util-9.2.jar:/home/fjbarrena/.m2/repository/org/ow2/asm/asm-commons/9.2/asm-commons-9.2.jar:/home/fjbarrena/.m2/repository/org/ow2/asm/asm-tree/9.2/asm-tree-9.2.jar:/home/fjbarrena/.m2/repository/org/ow2/asm/asm-analysis/9.2/asm-analysis-9.2.jar:/home/fjbarrena/.m2/repository/io/quarkus/quarkus-class-change-agent/2.8.1.Final/quarkus-class-change-agent-2.8.1.Final.jar:/home/fjbarrena/.m2/repository/io/quarkus/quarkus-devtools-utilities/2.8.1.Final/quarkus-devtools-utilities-2.8.1.Final.jar:/home/fjbarrena/.m2/repository/io/quarkus/quarkus-builder/2.8.1.Final/quarkus-builder-2.8.1.Final.jar:/home/fjbarrena/.m2/repository/org/junit/platform/junit-platform-launcher/1.8.2/junit-platform-launcher-1.8.2.jar:/home/fjbarrena/.m2/repository/io/quarkus/quarkus-jsonp-deployment/2.8.1.Final/quarkus-jsonp-deployment-2.8.1.Final.jar:/home/fjbarrena/.m2/repository/org/jboss/jandex/2.4.2.Final/jandex-2.4.2.Final.jar:/home/fjbarrena/.m2/repository/io/quarkus/quarkus-junit5-properties/2.8.1.Final/quarkus-junit5-properties-2.8.1.Final.jar:/home/fjbarrena/.m2/repository/org/junit/jupiter/junit-jupiter/5.8.2/junit-jupiter-5.8.2.jar:/home/fjbarrena/.m2/repository/org/junit/jupiter/junit-jupiter-api/5.8.2/junit-jupiter-api-5.8.2.jar:/home/fjbarrena/.m2/repository/org/opentest4j/opentest4j/1.2.0/opentest4j-1.2.0.jar:/home/fjbarrena/.m2/repository/org/junit/platform/junit-platform-commons/1.8.2/junit-platform-commons-1.8.2.jar:/home/fjbarrena/.m2/repository/org/apiguardian/apiguardian-api/1.1.2/apiguardian-api-1.1.2.jar:/home/fjbarrena/.m2/repository/org/junit/jupiter/junit-jupiter-params/5.8.2/junit-jupiter-params-5.8.2.jar:/home/fjbarrena/.m2/repository/org/junit/jupiter/junit-jupiter-engine/5.8.2/junit-jupiter-engine-5.8.2.jar:/home/fjbarrena/.m2/repository/org/junit/platform/junit-platform-engine/1.8.2/junit-platform-engine-1.8.2.jar:/home/fjbarrena/.m2/repository/com/thoughtworks/xstream/xstream/1.4.19/xstream-1.4.19.jar:/home/fjbarrena/.m2/repository/io/github/x-stream/mxparser/1.2.2/mxparser-1.2.2.jar:/home/fjbarrena/.m2/repository/xmlpull/xmlpull/1.1.3.1/xmlpull-1.1.3.1.jar:/home/fjbarrena/.m2/repository/io/rest-assured/rest-assured/4.5.1/rest-assured-4.5.1.jar:/home/fjbarrena/.m2/repository/org/codehaus/groovy/groovy/3.0.9/groovy-3.0.9.jar:/home/fjbarrena/.m2/repository/org/codehaus/groovy/groovy-xml/3.0.9/groovy-xml-3.0.9.jar:/home/fjbarrena/.m2/repository/org/apache/httpcomponents/httpclient/4.5.13/httpclient-4.5.13.jar:/home/fjbarrena/.m2/repository/org/apache/httpcomponents/httpcore/4.4.15/httpcore-4.4.15.jar:/home/fjbarrena/.m2/repository/commons-codec/commons-codec/1.15/commons-codec-1.15.jar:/home/fjbarrena/.m2/repository/org/apache/httpcomponents/httpmime/4.5.13/httpmime-4.5.13.jar:/home/fjbarrena/.m2/repository/org/hamcrest/hamcrest/2.1/hamcrest-2.1.jar:/home/fjbarrena/.m2/repository/org/ccil/cowan/tagsoup/tagsoup/1.2.1/tagsoup-1.2.1.jar:/home/fjbarrena/.m2/repository/io/rest-assured/json-path/4.5.1/json-path-4.5.1.jar:/home/fjbarrena/.m2/repository/org/codehaus/groovy/groovy-json/3.0.9/groovy-json-3.0.9.jar:/home/fjbarrena/.m2/repository/io/rest-assured/rest-assured-common/4.5.1/rest-assured-common-4.5.1.jar:/home/fjbarrena/.m2/repository/io/rest-assured/xml-path/4.5.1/xml-path-4.5.1.jar:/home/fjbarrena/.m2/repository/org/apache/commons/commons-lang3/3.12.0/commons-lang3-3.12.0.jar:/home/fjbarrena/Projects/kyso/kyso-indexer/indexer/target/kyso-file-indexer-1.0-SNAPSHOT.jar:/home/fjbarrena/.m2/repository/org/apache/tika/tika-parsers/1.17/tika-parsers-1.17.jar:/home/fjbarrena/.m2/repository/org/apache/tika/tika-core/1.17/tika-core-1.17.jar:/home/fjbarrena/.m2/repository/org/gagravarr/vorbis-java-tika/0.8/vorbis-java-tika-0.8.jar:/home/fjbarrena/.m2/repository/com/healthmarketscience/jackcess/jackcess/2.1.8/jackcess-2.1.8.jar:/home/fjbarrena/.m2/repository/commons-lang/commons-lang/2.6/commons-lang-2.6.jar:/home/fjbarrena/.m2/repository/com/healthmarketscience/jackcess/jackcess-encrypt/2.1.2/jackcess-encrypt-2.1.2.jar:/home/fjbarrena/.m2/repository/org/tallison/jmatio/1.2/jmatio-1.2.jar:/home/fjbarrena/.m2/repository/org/apache/james/apache-mime4j-core/0.8.1/apache-mime4j-core-0.8.1.jar:/home/fjbarrena/.m2/repository/org/apache/james/apache-mime4j-dom/0.8.1/apache-mime4j-dom-0.8.1.jar:/home/fjbarrena/.m2/repository/org/apache/commons/commons-compress/1.21/commons-compress-1.21.jar:/home/fjbarrena/.m2/repository/org/tukaani/xz/1.6/xz-1.6.jar:/home/fjbarrena/.m2/repository/org/apache/pdfbox/pdfbox/2.0.8/pdfbox-2.0.8.jar:/home/fjbarrena/.m2/repository/org/apache/pdfbox/fontbox/2.0.8/fontbox-2.0.8.jar:/home/fjbarrena/.m2/repository/org/apache/pdfbox/pdfbox-tools/2.0.8/pdfbox-tools-2.0.8.jar:/home/fjbarrena/.m2/repository/org/apache/pdfbox/jempbox/1.8.13/jempbox-1.8.13.jar:/home/fjbarrena/.m2/repository/org/bouncycastle/bcmail-jdk15on/1.54/bcmail-jdk15on-1.54.jar:/home/fjbarrena/.m2/repository/org/bouncycastle/bcpkix-jdk15on/1.70/bcpkix-jdk15on-1.70.jar:/home/fjbarrena/.m2/repository/org/bouncycastle/bcutil-jdk15on/1.70/bcutil-jdk15on-1.70.jar:/home/fjbarrena/.m2/repository/org/bouncycastle/bcprov-jdk15on/1.70/bcprov-jdk15on-1.70.jar:/home/fjbarrena/.m2/repository/org/apache/poi/poi/3.17/poi-3.17.jar:/home/fjbarrena/.m2/repository/org/apache/commons/commons-collections4/4.1/commons-collections4-4.1.jar:/home/fjbarrena/.m2/repository/org/apache/poi/poi-scratchpad/3.17/poi-scratchpad-3.17.jar:/home/fjbarrena/.m2/repository/org/apache/poi/poi-ooxml/3.17/poi-ooxml-3.17.jar:/home/fjbarrena/.m2/repository/org/apache/poi/poi-ooxml-schemas/3.17/poi-ooxml-schemas-3.17.jar:/home/fjbarrena/.m2/repository/org/apache/xmlbeans/xmlbeans/2.6.0/xmlbeans-2.6.0.jar:/home/fjbarrena/.m2/repository/com/github/virtuald/curvesapi/1.04/curvesapi-1.04.jar:/home/fjbarrena/.m2/repository/org/ow2/asm/asm/9.2/asm-9.2.jar:/home/fjbarrena/.m2/repository/com/googlecode/mp4parser/isoparser/1.1.18/isoparser-1.1.18.jar:/home/fjbarrena/.m2/repository/com/drewnoakes/metadata-extractor/2.10.1/metadata-extractor-2.10.1.jar:/home/fjbarrena/.m2/repository/com/adobe/xmp/xmpcore/5.1.3/xmpcore-5.1.3.jar:/home/fjbarrena/.m2/repository/de/l3s/boilerpipe/boilerpipe/1.1.0/boilerpipe-1.1.0.jar:/home/fjbarrena/.m2/repository/com/rometools/rome/1.5.1/rome-1.5.1.jar:/home/fjbarrena/.m2/repository/com/rometools/rome-utils/1.5.1/rome-utils-1.5.1.jar:/home/fjbarrena/.m2/repository/org/gagravarr/vorbis-java-core/0.8/vorbis-java-core-0.8.jar:/home/fjbarrena/.m2/repository/com/googlecode/juniversalchardet/juniversalchardet/1.0.3/juniversalchardet-1.0.3.jar:/home/fjbarrena/.m2/repository/org/codelibs/jhighlight/1.0.2/jhighlight-1.0.2.jar:/home/fjbarrena/.m2/repository/com/pff/java-libpst/0.8.1/java-libpst-0.8.1.jar:/home/fjbarrena/.m2/repository/com/github/junrar/junrar/0.7/junrar-0.7.jar:/home/fjbarrena/.m2/repository/org/apache/cxf/cxf-rt-rs-client/3.0.16/cxf-rt-rs-client-3.0.16.jar:/home/fjbarrena/.m2/repository/org/apache/cxf/cxf-rt-transports-http/3.0.16/cxf-rt-transports-http-3.0.16.jar:/home/fjbarrena/.m2/repository/org/apache/cxf/cxf-core/3.0.16/cxf-core-3.0.16.jar:/home/fjbarrena/.m2/repository/org/codehaus/woodstox/woodstox-core-asl/4.4.1/woodstox-core-asl-4.4.1.jar:/home/fjbarrena/.m2/repository/org/codehaus/woodstox/stax2-api/3.1.4/stax2-api-3.1.4.jar:/home/fjbarrena/.m2/repository/org/apache/ws/xmlschema/xmlschema-core/2.2.2/xmlschema-core-2.2.2.jar:/home/fjbarrena/.m2/repository/org/apache/cxf/cxf-rt-frontend-jaxrs/3.0.16/cxf-rt-frontend-jaxrs-3.0.16.jar:/home/fjbarrena/.m2/repository/javax/ws/rs/javax.ws.rs-api/2.0.1/javax.ws.rs-api-2.0.1.jar:/home/fjbarrena/.m2/repository/javax/annotation/javax.annotation-api/1.2/javax.annotation-api-1.2.jar:/home/fjbarrena/.m2/repository/org/apache/commons/commons-exec/1.3/commons-exec-1.3.jar:/home/fjbarrena/.m2/repository/org/apache/opennlp/opennlp-tools/1.8.3/opennlp-tools-1.8.3.jar:/home/fjbarrena/.m2/repository/com/tdunning/json/1.8/json-1.8.jar:/home/fjbarrena/.m2/repository/org/slf4j/jul-to-slf4j/1.7.24/jul-to-slf4j-1.7.24.jar:/home/fjbarrena/.m2/repository/org/slf4j/jcl-over-slf4j/1.7.24/jcl-over-slf4j-1.7.24.jar:/home/fjbarrena/.m2/repository/edu/ucar/netcdf4/4.5.5/netcdf4-4.5.5.jar:/home/fjbarrena/.m2/repository/net/jcip/jcip-annotations/1.0/jcip-annotations-1.0.jar:/home/fjbarrena/.m2/repository/net/java/dev/jna/jna/5.8.0/jna-5.8.0.jar:/home/fjbarrena/.m2/repository/edu/ucar/grib/4.5.5/grib-4.5.5.jar:/home/fjbarrena/.m2/repository/com/google/protobuf/protobuf-java/3.19.3/protobuf-java-3.19.3.jar:/home/fjbarrena/.m2/repository/org/jdom/jdom2/2.0.4/jdom2-2.0.4.jar:/home/fjbarrena/.m2/repository/org/jsoup/jsoup/1.14.2/jsoup-1.14.2.jar:/home/fjbarrena/.m2/repository/org/itadaki/bzip2/0.9.1/bzip2-0.9.1.jar:/home/fjbarrena/.m2/repository/edu/ucar/cdm/4.5.5/cdm-4.5.5.jar:/home/fjbarrena/.m2/repository/edu/ucar/udunits/4.5.5/udunits-4.5.5.jar:/home/fjbarrena/.m2/repository/joda-time/joda-time/2.2/joda-time-2.2.jar:/home/fjbarrena/.m2/repository/org/quartz-scheduler/quartz/2.3.2/quartz-2.3.2.jar:/home/fjbarrena/.m2/repository/com/mchange/c3p0/0.9.5.4/c3p0-0.9.5.4.jar:/home/fjbarrena/.m2/repository/com/mchange/mchange-commons-java/0.2.15/mchange-commons-java-0.2.15.jar:/home/fjbarrena/.m2/repository/com/zaxxer/HikariCP-java7/2.4.13/HikariCP-java7-2.4.13.jar:/home/fjbarrena/.m2/repository/net/sf/ehcache/ehcache-core/2.6.2/ehcache-core-2.6.2.jar:/home/fjbarrena/.m2/repository/com/google/guava/guava/31.1-jre/guava-31.1-jre.jar:/home/fjbarrena/.m2/repository/com/google/guava/failureaccess/1.0.1/failureaccess-1.0.1.jar:/home/fjbarrena/.m2/repository/org/checkerframework/checker-qual/3.21.3/checker-qual-3.21.3.jar:/home/fjbarrena/.m2/repository/com/google/errorprone/error_prone_annotations/2.11.0/error_prone_annotations-2.11.0.jar:/home/fjbarrena/.m2/repository/com/google/j2objc/j2objc-annotations/1.3/j2objc-annotations-1.3.jar:/home/fjbarrena/.m2/repository/com/beust/jcommander/1.35/jcommander-1.35.jar:/home/fjbarrena/.m2/repository/edu/ucar/httpservices/4.5.5/httpservices-4.5.5.jar:/home/fjbarrena/.m2/repository/org/apache/commons/commons-csv/1.0/commons-csv-1.0.jar:/home/fjbarrena/.m2/repository/org/apache/sis/core/sis-utility/0.6/sis-utility-0.6.jar:/home/fjbarrena/.m2/repository/org/apache/sis/storage/sis-netcdf/0.6/sis-netcdf-0.6.jar:/home/fjbarrena/.m2/repository/org/apache/sis/storage/sis-storage/0.6/sis-storage-0.6.jar:/home/fjbarrena/.m2/repository/org/apache/sis/core/sis-referencing/0.6/sis-referencing-0.6.jar:/home/fjbarrena/.m2/repository/org/apache/sis/core/sis-metadata/0.6/sis-metadata-0.6.jar:/home/fjbarrena/.m2/repository/org/opengis/geoapi/3.0.0/geoapi-3.0.0.jar:/home/fjbarrena/.m2/repository/javax/measure/jsr-275/0.9.3/jsr-275-0.9.3.jar:/home/fjbarrena/.m2/repository/edu/usc/ir/sentiment-analysis-parser/0.1/sentiment-analysis-parser-0.1.jar:/home/fjbarrena/.m2/repository/com/fasterxml/jackson/core/jackson-core/2.13.2/jackson-core-2.13.2.jar:/home/fjbarrena/.m2/repository/com/google/code/gson/gson/2.9.0/gson-2.9.0.jar:/home/fjbarrena/.m2/repository/com/googlecode/json-simple/json-simple/1.1.1/json-simple-1.1.1.jar:/home/fjbarrena/.m2/repository/junit/junit/4.10/junit-4.10.jar:/home/fjbarrena/.m2/repository/org/hamcrest/hamcrest-core/1.1/hamcrest-core-1.1.jar:/home/fjbarrena/.m2/repository/com/esotericsoftware/yamlbeans/yamlbeans/1.15/yamlbeans-1.15.jar:/home/fjbarrena/.m2/repository/commons-io/commons-io/2.11.0/commons-io-2.11.0.jar:"/>
    <property name="sun.cpu.endian" value="little"/>
    <property name="user.home" value="/home/fjbarrena"/>
    <property name="user.language" value="en"/>
    <property name="java.specification.vendor" value="Oracle Corporation"/>
    <property name="io.netty.allocator.maxOrder" value="3"/>
    <property name="java.version.date" value="2022-01-18"/>
    <property name="java.home" value="/home/fjbarrena/.sdkman/candidates/java/17.0.2-oracle"/>
    <property name="file.separator" value="/"/>
    <property name="basedir" value="/home/fjbarrena/Projects/kyso/kyso-indexer/api"/>
    <property name="java.vm.compressedOopsMode" value="Zero based"/>
    <property name="line.separator" value="&#10;"/>
    <property name="java.specification.name" value="Java Platform API Specification"/>
    <property name="java.vm.specification.vendor" value="Oracle Corporation"/>
    <property name="surefire.real.class.path" value="/home/fjbarrena/Projects/kyso/kyso-indexer/api/target/surefire/surefirebooter10897775492265187714.jar"/>
    <property name="sun.management.compiler" value="HotSpot 64-Bit Tiered Compilers"/>
    <property name="java.runtime.version" value="17.0.2+8-LTS-86"/>
    <property name="user.name" value="fjbarrena"/>
    <property name="path.separator" value=":"/>
    <property name="os.version" value="5.13.0-40-generic"/>
    <property name="java.runtime.name" value="Java(TM) SE Runtime Environment"/>
    <property name="file.encoding" value="UTF-8"/>
    <property name="java.vm.name" value="Java HotSpot(TM) 64-Bit Server VM"/>
    <property name="localRepository" value="/home/fjbarrena/.m2/repository"/>
    <property name="java.vendor.url.bug" value="https://bugreport.java.com/bugreport/"/>
    <property name="java.io.tmpdir" value="/tmp"/>
    <property name="quarkus.log.file.path" value="target/quarkus.log"/>
    <property name="java.version" value="17.0.2"/>
    <property name="java.util.concurrent.ForkJoinPool.common.threadFactory" value="io.quarkus.bootstrap.forkjoin.QuarkusForkJoinWorkerThreadFactory"/>
    <property name="user.dir" value="/home/fjbarrena/Projects/kyso/kyso-indexer/api"/>
    <property name="os.arch" value="amd64"/>
    <property name="java.vm.specification.name" value="Java Virtual Machine Specification"/>
    <property name="vertx.disableDnsResolver" value="true"/>
    <property name="native.encoding" value="UTF-8"/>
    <property name="java.util.logging.manager" value="org.jboss.logmanager.LogManager"/>
    <property name="java.library.path" value="/usr/java/packages/lib:/usr/lib64:/lib64:/lib:/usr/lib"/>
    <property name="java.vm.info" value="mixed mode, sharing"/>
    <property name="java.vendor" value="Oracle Corporation"/>
    <property name="vertx.disableTCCL" value="true"/>
    <property name="java.vm.version" value="17.0.2+8-LTS-86"/>
    <property name="sun.io.unicode.encoding" value="UnicodeLittle"/>
    <property name="io.netty.machineId" value="45:6d:ae:96:ce:4c:7b:f9"/>
    <property name="java.class.version" value="61.0"/>
  </properties>
  <testcase name="testHelloEndpoint" classname="io.kyso.api.IndexerApiTest" time="0.855">
    <system-out><![CDATA[2022-05-01 18:46:13,809 INFO  [org.jbo.threads] (main) JBoss Threads version 3.4.2.Final
2022-05-01 18:46:14,551 INFO  [io.quarkus] (main) Quarkus 2.8.1.Final on JVM started in 0.974s. Listening on: http://localhost:8081
2022-05-01 18:46:14,552 INFO  [io.quarkus] (main) Profile test activated. 
2022-05-01 18:46:14,552 INFO  [io.quarkus] (main) Installed features: [cdi, resteasy-reactive, scheduler, smallrye-context-propagation, vertx]
2022-05-01 18:46:15,001 INFO  [io.kys.api.TaskSchedulerBean] (executor-thread-0) Processing file /indexer-tmp/20220501_183035363.indexer
Processing file: /data/lightside/protected-team/reports/genomic-mutation-ratioss/1
Using: http://localhost:9200
------------> Reading kyso file /data/lightside/protected-team/reports/genomic-mutation-ratioss/1/kyso.yaml
------------> Processing file /data/lightside/protected-team/reports/genomic-mutation-ratioss/1/ks-plot.html
2022-05-01 18:46:15,137 WARNING [org.apa.tik.par.PDFParser] (executor-thread-0) JBIG2ImageReader not loaded. jbig2 files will be ignored
See https://pdfbox.apache.org/2.0/dependencies.html#jai-image-io
for optional dependencies.
TIFFImageWriter not loaded. tiff files will not be processed
See https://pdfbox.apache.org/2.0/dependencies.html#jai-image-io
for optional dependencies.
J2KImageReader not loaded. JPEG2000 files will not be processed.
See https://pdfbox.apache.org/2.0/dependencies.html#jai-image-io
for optional dependencies.

2022-05-01 18:46:15,153 WARNING [org.apa.tik.par.SQLite3Parser] (executor-thread-0) org.xerial's sqlite-jdbc is not loaded.
Please provide the jar on your classpath to parse sqlite files.
See tika-parsers/pom.xml for the correct version.
]]></system-out>
  </testcase>
</testsuite>